<?xml version="1.0" encoding="UTF-8"?>
<!-- Generated by org.testng.reporters.JUnitReportReporter -->
<testsuite skipped="0" hostname="SasuKe" name="TestSample" tests="1" failures="0" timestamp="2021-11-02T20:47:21 FJT" time="9.302" errors="0">
  <testcase name="testLogin" time="9.302" classname="TestSample"/>
  <system-out/>
</testsuite> <!-- TestSample -->
