<?xml version="1.0" encoding="UTF-8"?>
<!-- Generated by org.testng.reporters.JUnitReportReporter -->
<testsuite skipped="0" hostname="SasuKe" name="ParallelThreadLocal" tests="4" failures="0" timestamp="2021-11-03T19:48:21 FJT" time="37.594" errors="0">
  <testcase name="testLogin" time="10.501" classname="ParallelThreadLocal"/>
  <system-out/>
  <testcase name="testLogin" time="5.156" classname="ParallelThreadLocal"/>
  <system-out/>
  <testcase name="testLogin" time="8.318" classname="ParallelThreadLocal"/>
  <system-out/>
  <testcase name="testLogin" time="13.619" classname="ParallelThreadLocal"/>
  <system-out/>
</testsuite> <!-- ParallelThreadLocal -->
