<?xml version="1.0" encoding="UTF-8"?>
<!-- Generated by org.testng.reporters.JUnitReportReporter -->
<testsuite skipped="0" hostname="SasuKe" name="TestSample" tests="4" failures="0" timestamp="2021-11-03T18:32:50 FJT" time="39.644" errors="0">
  <testcase name="testLogin" time="8.543" classname="TestSample"/>
  <system-out/>
  <testcase name="testLogin" time="10.281" classname="TestSample"/>
  <system-out/>
  <testcase name="testLogin" time="10.753" classname="TestSample"/>
  <system-out/>
  <testcase name="testLogin" time="10.067" classname="TestSample"/>
  <system-out/>
</testsuite> <!-- TestSample -->
