<?xml version="1.0" encoding="UTF-8"?>
<!-- Generated by org.testng.reporters.JUnitReportReporter -->
<testsuite skipped="0" hostname="SasuKe" name="TestSample" tests="1" failures="0" timestamp="2021-11-03T10:24:10 FJT" time="12.894" errors="0">
  <testcase name="testLogin" time="12.894" classname="TestSample"/>
  <system-out/>
</testsuite> <!-- TestSample -->
