<?xml version="1.0" encoding="UTF-8"?>
<!-- Generated by org.testng.reporters.JUnitReportReporter -->
<testsuite skipped="0" hostname="SasuKe" name="TestSample" tests="4" failures="0" timestamp="2021-11-03T10:53:14 FJT" time="45.163" errors="0">
  <testcase name="testLogin" time="7.504" classname="TestSample"/>
  <system-out/>
  <testcase name="testLogin" time="13.332" classname="TestSample"/>
  <system-out/>
  <testcase name="testLogin" time="12.166" classname="TestSample"/>
  <system-out/>
  <testcase name="testLogin" time="12.161" classname="TestSample"/>
  <system-out/>
</testsuite> <!-- TestSample -->
