<?xml version="1.0" encoding="UTF-8"?>
<!-- Generated by org.testng.reporters.JUnitReportReporter -->
<testsuite skipped="0" hostname="SasuKe" name="TestSample" tests="1" failures="0" timestamp="2021-11-02T21:50:57 FJT" time="8.355" errors="0">
  <testcase name="testLogin" time="8.355" classname="TestSample"/>
  <system-out/>
</testsuite> <!-- TestSample -->
