<?xml version="1.0" encoding="UTF-8"?>
<!-- Generated by org.testng.reporters.JUnitReportReporter -->
<testsuite skipped="0" hostname="SasuKe" name="TestSample" tests="4" failures="0" timestamp="2021-11-03T12:34:14 FJT" time="36.186" errors="0">
  <testcase name="testLogin" time="10.690" classname="TestSample"/>
  <system-out/>
  <testcase name="testLogin" time="8.613" classname="TestSample"/>
  <system-out/>
  <testcase name="testLogin" time="7.035" classname="TestSample"/>
  <system-out/>
  <testcase name="testLogin" time="9.848" classname="TestSample"/>
  <system-out/>
</testsuite> <!-- TestSample -->
