<?xml version="1.0" encoding="UTF-8"?>
<!-- Generated by org.testng.reporters.JUnitReportReporter -->
<testsuite skipped="0" hostname="SasuKe" name="testcases.TestParametersXML" tests="1" failures="0" timestamp="2021-11-03T18:06:15 FJT" time="12.719" errors="0">
  <testcase name="launchBrowser" time="12.719" classname="testcases.TestParametersXML"/>
  <system-out/>
</testsuite> <!-- testcases.TestParametersXML -->
